<?xml version="1.0" encoding="UTF-8"?>
<!-- Generated by org.testng.reporters.JUnitXMLReporter -->
<testsuite ignored="0" hostname="TL118" failures="1" tests="1" name="logiin Test" time="6.85" errors="0" timestamp="2021-07-10T20:52:43 IST">
  <testcase classname="com.trk.Testcases.LognTest" name="loginAsOriginator" time="6.803">
    <failure type="java.lang.IllegalArgumentException" message="Cannot find elements when the XPath is null.">
      <![CDATA[java.lang.IllegalArgumentException: Cannot find elements when the XPath is null.
at org.openqa.selenium.By$ByXPath.<init>(By.java:339)
at org.openqa.selenium.By.xpath(By.java:92)
at com.trk.Testcases.LognTest.loginAsOriginator(LognTest.java:14)
at java.base/java.util.ArrayList.forEach(ArrayList.java:1511)
... Removed 27 stack frames]]>
    </failure>
  </testcase> <!-- loginAsOriginator -->
</testsuite> <!-- logiin Test -->
