<?xml version="1.0" encoding="UTF-8"?>
<testng-results ignored="0" total="1" passed="1" failed="0" skipped="0">
  <reporter-output>
  </reporter-output>
  <suite started-at="2021-07-11T00:24:49 IST" name="Default suite" finished-at="2021-07-11T00:24:58 IST" duration-ms="9525">
    <groups>
    </groups>
    <test started-at="2021-07-11T00:24:49 IST" name="Default test" finished-at="2021-07-11T00:24:58 IST" duration-ms="9525">
      <class name="com.trk.Testcases.LognTest">
        <test-method is-config="true" signature="setUp()[pri:0, instance:com.trk.Testcases.LognTest@5e5d171f]" started-at="2021-07-11T00:24:31 IST" name="setUp" finished-at="2021-07-11T00:24:49 IST" duration-ms="17795" status="PASS">
          <reporter-output>
          </reporter-output>
        </test-method> <!-- setUp -->
        <test-method signature="loginAsOriginator()[pri:0, instance:com.trk.Testcases.LognTest@5e5d171f]" started-at="2021-07-11T00:24:49 IST" name="loginAsOriginator" finished-at="2021-07-11T00:24:58 IST" duration-ms="9461" status="PASS">
          <reporter-output>
          </reporter-output>
        </test-method> <!-- loginAsOriginator -->
        <test-method is-config="true" signature="tearDown()[pri:0, instance:com.trk.Testcases.LognTest@5e5d171f]" started-at="2021-07-11T00:24:58 IST" name="tearDown" finished-at="2021-07-11T00:24:59 IST" duration-ms="338" status="PASS">
          <reporter-output>
          </reporter-output>
        </test-method> <!-- tearDown -->
      </class> <!-- com.trk.Testcases.LognTest -->
    </test> <!-- Default test -->
  </suite> <!-- Default suite -->
</testng-results>
